
2022-08-10T02:35:00.608Z ::1 GET /api/v2/products/search/suggest?keyword=
2022-08-10T02:35:00.618Z ::1 GET /api/v2/categories?fields=name%20slug%20image
2022-08-10T02:35:00.625Z ::1 GET /api/v2/discounts?fields=name,desc,code,beginDate,endDate,quantity,unlimitedQty,discount,discountType,minimumTotal,maximumApplied,image
2022-08-10T02:35:00.636Z ::1 GET /api/v2/brands?fields=name%20slug%20image
2022-08-10T02:35:00.945Z ::1 GET /search/suggest?keyword= (200)
2022-08-10T02:35:01.169Z ::1 GET /?fields=name,desc,code,beginDate,endDate,quantity,unlimitedQty,discount,discountType,minimumTotal,maximumApplied,image (304)
2022-08-10T02:35:01.417Z ::1 GET /?fields=name%20slug%20image (304)
2022-08-10T02:35:01.547Z ::1 GET /?fields=name%20slug%20image (200)
2022-08-10T02:35:01.688Z ::1 GET /api/v2/products?search=&page=1&limit=20&b=&c=
2022-08-10T02:35:02.202Z ::1 GET /?search=&page=1&limit=20&b=&c= (304)
2022-08-10T02:35:05.217Z ::1 GET /api/v2/products/best-seller
2022-08-10T02:35:05.283Z ::1 GET /best-seller (304)
2022-08-10T02:36:26.478Z ::1 GET /api/v2/products/search/suggest?keyword=
2022-08-10T02:36:26.490Z ::1 GET /api/v2/categories?fields=name%20slug%20image
2022-08-10T02:36:26.498Z ::1 GET /api/v2/brands?fields=name%20slug%20image
2022-08-10T02:36:26.504Z ::1 GET /api/v2/discounts?fields=name,desc,code,beginDate,endDate,quantity,unlimitedQty,discount,discountType,minimumTotal,maximumApplied,image
2022-08-10T02:36:26.548Z ::1 GET /?fields=name%20slug%20image (304)
2022-08-10T02:36:26.556Z ::1 GET /search/suggest?keyword= (304)
2022-08-10T02:36:26.854Z ::1 GET /?fields=name,desc,code,beginDate,endDate,quantity,unlimitedQty,discount,discountType,minimumTotal,maximumApplied,image (304)
2022-08-10T02:36:26.954Z ::1 GET /?fields=name%20slug%20image (304)
2022-08-10T02:37:49.920Z ::1 GET /api/v2/products?search=&page=1&limit=20&b=&c=
2022-08-10T02:37:50.143Z ::1 GET /api/v2/products/best-seller
2022-08-10T02:37:50.220Z ::1 GET /best-seller (304)
2022-08-10T02:37:50.423Z ::1 GET /?search=&page=1&limit=20&b=&c= (304)
2022-08-10T02:38:05.051Z ::1 POST /api/v2/auth/google
2022-08-10T02:38:05.495Z ::1 POST /google (200)
2022-08-10T02:38:06.390Z ::1 POST /api/v2/cart
2022-08-10T02:38:06.457Z ::1 POST / (200)
2022-08-10T02:38:07.829Z ::1 GET /api/v2/products?search=&b=&c=
2022-08-10T02:38:07.839Z ::1 GET /api/v2/products/all
2022-08-10T02:38:07.851Z ::1 GET /api/v2/brands
2022-08-10T02:38:07.856Z ::1 GET /api/v2/categories
2022-08-10T02:38:07.870Z ::1 GET /api/v2/users/customer
2022-08-10T02:38:07.877Z ::1 GET /api/v2/orders/manager/?search=&status=&paymentStatus=&page=1&limit=100000
2022-08-10T02:38:07.953Z ::1 GET / (200)
2022-08-10T02:38:08.220Z ::1 GET /customer (200)
2022-08-10T02:38:08.340Z ::1 GET / (200)
2022-08-10T02:38:08.356Z ::1 GET /manager/?search=&status=&paymentStatus=&page=1&limit=100000 (200)
2022-08-10T02:38:08.362Z ::1 GET /api/v2/orders/manager/?search=&status=&paymentStatus=&page=1&limit=100000
2022-08-10T02:38:08.556Z ::1 GET /?search=&b=&c= (200)
2022-08-10T02:38:08.564Z ::1 GET /manager/?search=&status=&paymentStatus=&page=1&limit=100000 (304)
2022-08-10T02:38:08.570Z ::1 GET /api/v2/products?search=&b=&c=
2022-08-10T02:38:09.051Z ::1 GET /?search=&b=&c= (304)
2022-08-10T02:38:17.698Z ::1 GET /all (200)
2022-08-10T02:38:17.739Z ::1 GET /api/v2/products/all
2022-08-10T02:38:19.847Z ::1 GET /api/v2/account
2022-08-10T02:38:19.973Z ::1 GET / (200)
2022-08-10T02:38:20.784Z ::1 GET /api/v2/products/search/suggest?keyword=
2022-08-10T02:38:20.797Z ::1 POST /api/v2/cart
2022-08-10T02:38:20.812Z ::1 GET /api/v2/categories?fields=name%20slug%20image
2022-08-10T02:38:20.817Z ::1 GET /api/v2/brands?fields=name%20slug%20image
2022-08-10T02:38:20.829Z ::1 GET /api/v2/discounts?fields=name,desc,code,beginDate,endDate,quantity,unlimitedQty,discount,discountType,minimumTotal,maximumApplied,image
2022-08-10T02:38:20.845Z ::1 GET /search/suggest?keyword= (304)
2022-08-10T02:38:20.855Z ::1 POST / (200)
2022-08-10T02:38:20.885Z ::1 GET /?fields=name%20slug%20image (304)
2022-08-10T02:38:21.133Z ::1 GET /?fields=name,desc,code,beginDate,endDate,quantity,unlimitedQty,discount,discountType,minimumTotal,maximumApplied,image (304)
2022-08-10T02:38:21.234Z ::1 GET /?fields=name%20slug%20image (304)
2022-08-10T02:38:22.285Z ::1 GET /api/v2/products?search=&page=1&limit=20&b=&c=
2022-08-10T02:38:22.999Z ::1 GET /?search=&page=1&limit=20&b=&c= (304)
2022-08-10T02:38:24.032Z ::1 GET /api/v2/products/best-seller
2022-08-10T02:38:24.110Z ::1 GET /best-seller (304)
2022-08-10T02:38:31.573Z ::1 GET /api/v2/products/iphone-13?fields=_id%20name%20slug%20desc%20video%20overSpecs%20policies%20detailSpecs%20origin%20category%20brand%20tags%20views%20rate%20variants%20quantity%20warrantyPeriod%20isHide%20createdAt%20updatedAt
2022-08-10T02:38:31.802Z ::1 GET /iphone-13?fields=_id%20name%20slug%20desc%20video%20overSpecs%20policies%20detailSpecs%20origin%20category%20brand%20tags%20views%20rate%20variants%20quantity%20warrantyPeriod%20isHide%20createdAt%20updatedAt (200)
2022-08-10T02:38:35.149Z ::1 GET /api/v2/categories?fields=_id%20name%20slug
2022-08-10T02:38:35.157Z ::1 GET /api/v2/products?search=&c=&b=&page=1&limit=10&getBrandFilter=1&getCategoryFilter=1&isShowHidden=0&fullTextSearch=1
2022-08-10T02:38:35.355Z ::1 GET /?fields=_id%20name%20slug (200)
2022-08-10T02:38:35.393Z ::1 GET /api/v2/brands?fields=_id%20name%20slug
2022-08-10T02:38:35.453Z ::1 GET /?fields=_id%20name%20slug (200)
2022-08-10T02:38:35.828Z ::1 GET /?search=&c=&b=&page=1&limit=10&getBrandFilter=1&getCategoryFilter=1&isShowHidden=0&fullTextSearch=1 (200)
2022-08-10T02:38:35.961Z ::1 GET /api/v2/products?search=&c=c00000000000000000000004&b=&page=1&limit=10&getBrandFilter=1&getCategoryFilter=1&isShowHidden=0&fullTextSearch=1
2022-08-10T02:38:36.483Z ::1 GET /?search=&c=c00000000000000000000004&b=&page=1&limit=10&getBrandFilter=1&getCategoryFilter=1&isShowHidden=0&fullTextSearch=1 (200)
2022-08-10T02:38:39.803Z ::1 POST /api/v2/user-behavior
2022-08-10T02:38:39.812Z ::1 POST / (200)
2022-08-10T02:38:46.614Z ::1 GET /api/v2/products?search=acer&c=c00000000000000000000004&b=&page=1&limit=10&getBrandFilter=1&getCategoryFilter=1&isShowHidden=0&fullTextSearch=1
2022-08-10T02:38:47.116Z ::1 GET /?search=acer&c=c00000000000000000000004&b=&page=1&limit=10&getBrandFilter=1&getCategoryFilter=1&isShowHidden=0&fullTextSearch=1 (200)
2022-08-10T02:38:47.124Z ::1 GET /api/v2/products?search=acer&c=c00000000000000000000004&b=&page=1&limit=10&getBrandFilter=1&getCategoryFilter=1&isShowHidden=0&fullTextSearch=1
2022-08-10T02:38:47.650Z ::1 GET /?search=acer&c=c00000000000000000000004&b=&page=1&limit=10&getBrandFilter=1&getCategoryFilter=1&isShowHidden=0&fullTextSearch=1 (304)
2022-08-10T09:57:33.820Z ::1 GET /api/v2/account
2022-08-10T09:57:33.935Z ::1 GET / (200)
2022-08-10T09:57:34.742Z ::1 GET /api/v2/products/search/suggest?keyword=
2022-08-10T09:57:34.752Z ::1 GET /api/v2/categories?fields=name%20slug%20image
2022-08-10T09:57:34.764Z ::1 POST /api/v2/cart
2022-08-10T09:57:35.003Z ::1 GET /api/v2/brands?fields=name%20slug%20image
2022-08-10T09:57:35.007Z ::1 GET /api/v2/discounts?fields=name,desc,code,beginDate,endDate,quantity,unlimitedQty,discount,discountType,minimumTotal,maximumApplied,image
2022-08-10T09:57:35.015Z ::1 GET /search/suggest?keyword= (200)
2022-08-10T09:57:35.060Z ::1 POST / (200)
2022-08-10T09:57:35.071Z ::1 GET /?fields=name%20slug%20image (200)
2022-08-10T09:57:35.075Z ::1 GET /?fields=name,desc,code,beginDate,endDate,quantity,unlimitedQty,discount,discountType,minimumTotal,maximumApplied,image (200)
2022-08-10T09:57:35.181Z ::1 GET /?fields=name%20slug%20image (200)
2022-08-10T09:57:36.810Z ::1 GET /api/v2/products?search=&page=1&limit=20&b=&c=
2022-08-10T09:57:36.927Z ::1 GET /api/v2/products/best-seller
2022-08-10T09:57:36.985Z ::1 GET /best-seller (200)
2022-08-10T09:57:37.358Z ::1 GET /?search=&page=1&limit=20&b=&c= (200)
2022-08-10T10:00:52.537Z ::1 GET /api/v2/account
2022-08-10T10:00:52.627Z ::1 GET / (304)
2022-08-10T10:00:53.006Z ::1 POST /api/v2/cart
2022-08-10T10:00:53.054Z ::1 POST / (200)
2022-08-10T10:00:53.645Z ::1 GET /api/v2/products?search=&b=&c=
2022-08-10T10:00:53.650Z ::1 GET /api/v2/products/all
2022-08-10T10:00:53.661Z ::1 GET /api/v2/brands
2022-08-10T10:00:53.668Z ::1 GET /api/v2/categories
2022-08-10T10:00:53.673Z ::1 GET /api/v2/users/customer
2022-08-10T10:00:53.678Z ::1 GET /api/v2/orders/manager/?search=&status=&paymentStatus=&page=1&limit=100000
2022-08-10T10:00:53.723Z ::1 GET /customer (200)
2022-08-10T10:00:53.759Z ::1 GET / (200)
2022-08-10T10:00:53.826Z ::1 GET /manager/?search=&status=&paymentStatus=&page=1&limit=100000 (200)
2022-08-10T10:00:53.828Z ::1 GET /api/v2/orders/manager/?search=&status=&paymentStatus=&page=1&limit=100000
2022-08-10T10:00:53.878Z ::1 GET / (200)
2022-08-10T10:00:54.021Z ::1 GET /manager/?search=&status=&paymentStatus=&page=1&limit=100000 (304)
2022-08-10T10:00:54.128Z ::1 GET /?search=&b=&c= (200)
2022-08-10T10:00:54.135Z ::1 GET /api/v2/products?search=&b=&c=
2022-08-10T10:00:54.868Z ::1 GET /?search=&b=&c= (304)
2022-08-10T10:00:56.588Z ::1 GET /all (200)
2022-08-10T10:00:56.599Z ::1 GET /api/v2/products/all
2022-08-10T10:00:59.162Z ::1 GET /all (304)
2022-08-10T10:00:59.165Z ::1 GET /api/v2/products/all
2022-08-10T10:00:59.477Z ::1 GET /api/v2/categories
2022-08-10T10:00:59.754Z ::1 GET / (304)
2022-08-10T10:01:02.456Z ::1 GET /all (304)
2022-08-10T10:01:02.458Z ::1 GET /api/v2/products/all
2022-08-10T10:01:06.475Z ::1 GET /all (304)
2022-08-10T10:01:06.477Z ::1 GET /api/v2/products/all
2022-08-10T10:01:10.006Z ::1 GET /all (304)
2022-08-10T10:03:42.166Z ::1 GET /api/v2/products?search=&b=&c=
2022-08-10T10:03:42.216Z ::1 GET /api/v2/products/all
2022-08-10T10:03:42.230Z ::1 GET /api/v2/brands
2022-08-10T10:03:42.235Z ::1 GET /api/v2/categories
2022-08-10T10:03:42.242Z ::1 GET /api/v2/users/customer
2022-08-10T10:03:42.252Z ::1 GET /api/v2/orders/manager/?search=&status=&paymentStatus=&page=1&limit=100000
2022-08-10T10:03:44.060Z ::1 POST /api/v2/cart
2022-08-10T10:03:44.155Z ::1 POST / (200)
2022-08-10T10:03:49.294Z ::1 POST /api/v2/cart
2022-08-10T10:03:49.342Z ::1 POST / (200)
2022-08-10T10:03:49.939Z ::1 GET /api/v2/products?search=&b=&c=
2022-08-10T10:03:49.949Z ::1 GET /api/v2/products/all
2022-08-10T10:03:49.959Z ::1 GET /api/v2/brands
2022-08-10T10:03:49.967Z ::1 GET /api/v2/categories
2022-08-10T10:03:49.972Z ::1 GET /api/v2/users/customer
2022-08-10T10:03:49.975Z ::1 GET /api/v2/orders/manager/?search=&status=&paymentStatus=&page=1&limit=100000
2022-08-10T10:03:50.028Z ::1 GET /customer (200)
2022-08-10T10:03:50.053Z ::1 GET / (200)
2022-08-10T10:03:50.130Z ::1 GET /manager/?search=&status=&paymentStatus=&page=1&limit=100000 (200)
2022-08-10T10:03:50.166Z ::1 GET / (200)
2022-08-10T10:03:50.340Z ::1 GET /?search=&b=&c= (200)
2022-08-10T10:03:52.692Z ::1 GET /all (200)
2022-08-10T10:03:52.697Z ::1 GET /api/v2/products/all
2022-08-10T10:03:53.657Z ::1 GET /api/v2/discounts?isShowAllDate=1&isShowHidden=1
2022-08-10T10:03:53.789Z ::1 GET /?isShowAllDate=1&isShowHidden=1 (200)
2022-08-10T10:03:55.495Z ::1 GET /all (304)
2022-08-10T10:03:55.497Z ::1 GET /api/v2/products/all
2022-08-10T10:03:56.728Z ::1 GET /api/v2/brands
2022-08-10T10:03:56.905Z ::1 GET / (304)
2022-08-10T10:03:58.051Z ::1 GET /all (304)
2022-08-10T10:04:13.772Z ::1 GET /api/v2/products?search=&b=&c=
2022-08-10T10:04:13.775Z ::1 GET /api/v2/products/all
2022-08-10T10:04:13.779Z ::1 GET /api/v2/brands
2022-08-10T10:04:13.782Z ::1 GET /api/v2/categories
2022-08-10T10:04:13.802Z ::1 GET /api/v2/orders/manager/?search=&status=&paymentStatus=&page=1&limit=100000
2022-08-10T10:04:13.813Z ::1 GET /api/v2/users/customer
2022-08-10T10:04:13.866Z ::1 GET /customer (304)
2022-08-10T10:04:13.870Z ::1 GET / (304)
2022-08-10T10:04:13.956Z ::1 GET /manager/?search=&status=&paymentStatus=&page=1&limit=100000 (304)
2022-08-10T10:04:13.959Z ::1 GET /api/v2/orders/manager/?search=&status=&paymentStatus=&page=1&limit=100000
2022-08-10T10:04:13.971Z ::1 GET / (304)
2022-08-10T10:04:14.199Z ::1 GET /manager/?search=&status=&paymentStatus=&page=1&limit=100000 (304)
2022-08-10T10:04:14.209Z ::1 GET /?search=&b=&c= (304)
2022-08-10T10:04:14.213Z ::1 GET /api/v2/products?search=&b=&c=
2022-08-10T10:04:14.705Z ::1 GET /?search=&b=&c= (304)
2022-08-10T10:04:16.004Z ::1 GET /api/v2/orders/manager/?search=&status=&paymentStatus=&page=1&limit=100000
2022-08-10T10:04:16.269Z ::1 GET /manager/?search=&status=&paymentStatus=&page=1&limit=100000 (304)
2022-08-10T10:04:17.009Z ::1 GET /all (304)
2022-08-10T10:04:17.021Z ::1 GET /api/v2/products/all
2022-08-10T10:04:17.887Z ::1 GET /api/v2/products?search=&b=&c=
2022-08-10T10:04:17.894Z ::1 GET /api/v2/brands
2022-08-10T10:04:17.899Z ::1 GET /api/v2/categories
2022-08-10T10:04:17.903Z ::1 GET /api/v2/users/customer
2022-08-10T10:04:17.906Z ::1 GET /api/v2/orders/manager/?search=&status=&paymentStatus=&page=1&limit=100000
2022-08-10T10:04:18.004Z ::1 GET /customer (304)
2022-08-10T10:04:18.053Z ::1 GET / (304)
2022-08-10T10:04:18.152Z ::1 GET /manager/?search=&status=&paymentStatus=&page=1&limit=100000 (304)
2022-08-10T10:04:18.155Z ::1 GET /api/v2/orders/manager/?search=&status=&paymentStatus=&page=1&limit=100000
2022-08-10T10:04:18.205Z ::1 GET / (304)
2022-08-10T10:04:18.389Z ::1 GET /manager/?search=&status=&paymentStatus=&page=1&limit=100000 (304)
2022-08-10T10:04:18.659Z ::1 GET /?search=&b=&c= (304)
2022-08-10T10:04:18.665Z ::1 GET /api/v2/products?search=&b=&c=
2022-08-10T10:04:19.156Z ::1 GET /?search=&b=&c= (304)
2022-08-10T10:04:19.993Z ::1 GET /all (304)
2022-08-10T10:04:20.005Z ::1 GET /api/v2/products/all
2022-08-10T10:04:23.123Z ::1 GET /all (304)
2022-08-10T10:04:23.131Z ::1 GET /api/v2/products/all
2022-08-10T10:04:25.821Z ::1 GET /all (304)
2022-08-10T10:04:25.827Z ::1 GET /api/v2/products/all
2022-08-10T10:04:29.365Z ::1 GET /all (304)
2022-08-10T10:04:29.368Z ::1 GET /api/v2/products/all
2022-08-10T10:04:33.399Z ::1 GET /all (304)
2022-08-10T10:04:33.404Z ::1 GET /api/v2/products/all
2022-08-10T10:04:36.501Z ::1 GET /all (304)
2022-08-10T10:04:36.507Z ::1 GET /api/v2/products/all
2022-08-10T10:04:38.827Z ::1 GET /api/v2/products/all
2022-08-10T10:04:39.302Z ::1 GET /api/v2/products/all
2022-08-10T10:04:39.775Z ::1 GET /all (304)
2022-08-10T10:04:42.634Z ::1 GET /all (200)
2022-08-10T10:04:48.708Z ::1 GET /all (200)
2022-08-10T10:04:51.273Z ::1 GET /api/v2/brands
2022-08-10T10:04:51.375Z ::1 GET / (304)
2022-08-10T10:16:49.654Z ::1 GET /api/v2/products?search=&c=&b=&page=1&limit=10&sort=desc&sortBy=createdAt&getBrandFilter=1&getCategoryFilter=1&isShowHidden=0
2022-08-10T10:16:50.272Z ::1 GET /?search=&c=&b=&page=1&limit=10&sort=desc&sortBy=createdAt&getBrandFilter=1&getCategoryFilter=1&isShowHidden=0 (200)
2022-08-10T10:17:07.317Z ::1 GET /api/v2/categories
2022-08-10T10:17:07.522Z ::1 GET / (304)
2022-08-10T10:17:08.595Z ::1 GET /api/v2/brands
2022-08-10T10:17:08.679Z ::1 GET / (304)
2022-08-10T10:17:10.381Z ::1 GET /api/v2/discounts?isShowAllDate=1&isShowHidden=1
2022-08-10T10:17:10.440Z ::1 GET /?isShowAllDate=1&isShowHidden=1 (304)
2022-08-10T10:17:14.723Z ::1 GET /api/v2/products?search=&b=&c=
2022-08-10T10:17:14.737Z ::1 GET /api/v2/products/all
2022-08-10T10:17:14.742Z ::1 GET /api/v2/brands
2022-08-10T10:17:14.749Z ::1 GET /api/v2/categories
2022-08-10T10:17:14.754Z ::1 GET /api/v2/users/customer
2022-08-10T10:17:14.760Z ::1 GET /api/v2/orders/manager/?search=&status=&paymentStatus=&page=1&limit=100000
2022-08-10T10:17:14.801Z ::1 GET /customer (304)
2022-08-10T10:17:14.846Z ::1 GET / (304)
2022-08-10T10:17:14.907Z ::1 GET /manager/?search=&status=&paymentStatus=&page=1&limit=100000 (304)
2022-08-10T10:17:14.909Z ::1 GET /api/v2/orders/manager/?search=&status=&paymentStatus=&page=1&limit=100000
2022-08-10T10:17:14.940Z ::1 GET / (304)
2022-08-10T10:17:15.052Z ::1 GET /manager/?search=&status=&paymentStatus=&page=1&limit=100000 (304)
2022-08-10T10:17:15.092Z ::1 GET /?search=&b=&c= (304)
2022-08-10T10:17:15.095Z ::1 GET /api/v2/products?search=&b=&c=
2022-08-10T10:17:15.380Z ::1 GET /?search=&b=&c= (304)
2022-08-10T10:17:20.666Z ::1 GET /all (304)
2022-08-10T10:17:20.679Z ::1 GET /api/v2/products/all
2022-08-10T10:17:23.395Z ::1 GET /api/v2/products?search=&b=&c=
2022-08-10T10:17:23.417Z ::1 GET /api/v2/brands
2022-08-10T10:17:23.432Z ::1 GET /api/v2/categories
2022-08-10T10:17:23.439Z ::1 GET /api/v2/users/customer
2022-08-10T10:17:23.449Z ::1 GET /api/v2/orders/manager/?search=&status=&paymentStatus=&page=1&limit=100000
2022-08-10T10:17:23.503Z ::1 GET /customer (304)
2022-08-10T10:17:23.532Z ::1 GET / (304)
2022-08-10T10:17:23.617Z ::1 GET /manager/?search=&status=&paymentStatus=&page=1&limit=100000 (304)
2022-08-10T10:17:23.619Z ::1 GET /api/v2/orders/manager/?search=&status=&paymentStatus=&page=1&limit=100000
2022-08-10T10:17:23.666Z ::1 GET / (304)
2022-08-10T10:17:23.777Z ::1 GET /?search=&b=&c= (304)
2022-08-10T10:17:23.779Z ::1 GET /manager/?search=&status=&paymentStatus=&page=1&limit=100000 (304)
2022-08-10T10:17:23.789Z ::1 GET /api/v2/products?search=&b=&c=
2022-08-10T10:17:24.137Z ::1 GET /?search=&b=&c= (304)
2022-08-10T10:17:25.231Z ::1 GET /all (304)
2022-08-10T10:17:25.236Z ::1 GET /api/v2/products/all
2022-08-10T10:17:25.627Z ::1 GET /api/v2/products?search=&b=&c=
2022-08-10T10:17:25.630Z ::1 GET /api/v2/brands
2022-08-10T10:17:25.634Z ::1 GET /api/v2/categories
2022-08-10T10:17:25.637Z ::1 GET /api/v2/users/customer
2022-08-10T10:17:25.639Z ::1 GET /api/v2/orders/manager/?search=&status=&paymentStatus=&page=1&limit=100000
2022-08-10T10:17:25.682Z ::1 GET /customer (304)
2022-08-10T10:17:25.726Z ::1 GET / (304)
2022-08-10T10:17:25.863Z ::1 GET / (304)
2022-08-10T10:17:25.866Z ::1 GET /manager/?search=&status=&paymentStatus=&page=1&limit=100000 (304)
2022-08-10T10:17:25.868Z ::1 GET /api/v2/orders/manager/?search=&status=&paymentStatus=&page=1&limit=100000
2022-08-10T10:17:26.057Z ::1 GET /?search=&b=&c= (304)
2022-08-10T10:17:26.059Z ::1 GET /api/v2/products?search=&b=&c=
2022-08-10T10:17:26.103Z ::1 GET /manager/?search=&status=&paymentStatus=&page=1&limit=100000 (304)
2022-08-10T10:17:26.154Z ::1 GET /api/v2/brands
2022-08-10T10:17:26.173Z ::1 GET /api/v2/categories
2022-08-10T10:17:26.178Z ::1 GET /api/v2/users/customer
2022-08-10T10:17:26.184Z ::1 GET /api/v2/orders/manager/?search=&status=&paymentStatus=&page=1&limit=100000
2022-08-10T10:17:26.217Z ::1 GET / (304)
2022-08-10T10:17:26.272Z ::1 GET /customer (304)
2022-08-10T10:17:26.335Z ::1 GET /?search=&b=&c= (304)
2022-08-10T10:17:26.338Z ::1 GET /api/v2/products?search=&b=&c=
2022-08-10T10:17:26.350Z ::1 GET /manager/?search=&status=&paymentStatus=&page=1&limit=100000 (304)
2022-08-10T10:17:26.353Z ::1 GET /api/v2/orders/manager/?search=&status=&paymentStatus=&page=1&limit=100000
2022-08-10T10:17:26.411Z ::1 GET / (304)
2022-08-10T10:17:26.557Z ::1 GET /manager/?search=&status=&paymentStatus=&page=1&limit=100000 (304)
2022-08-10T10:17:26.672Z ::1 GET /?search=&b=&c= (304)
2022-08-10T10:17:26.674Z ::1 GET /api/v2/products?search=&b=&c=
2022-08-10T10:17:26.751Z ::1 GET /api/v2/brands
2022-08-10T10:17:26.753Z ::1 GET /api/v2/categories
2022-08-10T10:17:26.761Z ::1 GET /api/v2/users/customer
2022-08-10T10:17:26.764Z ::1 GET /api/v2/orders/manager/?search=&status=&paymentStatus=&page=1&limit=100000
2022-08-10T10:17:26.829Z ::1 GET / (304)
2022-08-10T10:17:26.834Z ::1 GET /customer (304)
2022-08-10T10:17:27.031Z ::1 GET /?search=&b=&c= (304)
2022-08-10T10:17:27.034Z ::1 GET /manager/?search=&status=&paymentStatus=&page=1&limit=100000 (304)
2022-08-10T10:17:27.037Z ::1 GET / (304)
2022-08-10T10:17:27.042Z ::1 GET /api/v2/products?search=&b=&c=
2022-08-10T10:17:27.044Z ::1 GET /api/v2/orders/manager/?search=&status=&paymentStatus=&page=1&limit=100000
2022-08-10T10:17:27.231Z ::1 GET /manager/?search=&status=&paymentStatus=&page=1&limit=100000 (304)
2022-08-10T10:17:27.497Z ::1 GET /?search=&b=&c= (304)
2022-08-10T10:17:27.498Z ::1 GET /api/v2/products?search=&b=&c=
2022-08-10T10:17:28.049Z ::1 GET /?search=&b=&c= (304)
2022-08-10T10:17:29.526Z ::1 GET /all (304)
2022-08-10T10:17:29.528Z ::1 GET /api/v2/products/all
2022-08-10T10:17:34.690Z ::1 GET /api/v2/account
2022-08-10T10:17:34.908Z ::1 GET / (304)
2022-08-10T10:17:35.280Z ::1 GET /api/v2/products/search/suggest?keyword=
2022-08-10T10:17:35.288Z ::1 POST /api/v2/cart
2022-08-10T10:17:35.296Z ::1 GET /api/v2/categories?fields=name%20slug%20image
2022-08-10T10:17:35.303Z ::1 GET /api/v2/brands?fields=name%20slug%20image
2022-08-10T10:17:35.307Z ::1 GET /api/v2/discounts?fields=name,desc,code,beginDate,endDate,quantity,unlimitedQty,discount,discountType,minimumTotal,maximumApplied,image
2022-08-10T10:17:35.340Z ::1 GET /search/suggest?keyword= (304)
2022-08-10T10:17:35.344Z ::1 POST / (200)
2022-08-10T10:17:35.356Z ::1 GET /?fields=name%20slug%20image (304)
2022-08-10T10:17:35.361Z ::1 GET /?fields=name,desc,code,beginDate,endDate,quantity,unlimitedQty,discount,discountType,minimumTotal,maximumApplied,image (304)
2022-08-10T10:17:35.508Z ::1 GET /?fields=name%20slug%20image (304)
2022-08-10T10:17:36.017Z ::1 GET /api/v2/products?search=&page=1&limit=20&b=&c=
2022-08-10T10:17:36.297Z ::1 GET /?search=&page=1&limit=20&b=&c= (304)
2022-08-10T10:17:37.145Z ::1 GET /api/v2/products/best-seller
2022-08-10T10:17:37.205Z ::1 GET /best-seller (304)
2022-08-10T10:17:42.490Z ::1 GET /api/v2/account
2022-08-10T10:17:42.578Z ::1 GET / (304)
2022-08-10T10:17:42.906Z ::1 GET /api/v2/products/search/suggest?keyword=
2022-08-10T10:17:42.910Z ::1 GET /api/v2/categories?fields=name%20slug%20image
2022-08-10T10:17:42.913Z ::1 GET /api/v2/brands?fields=name%20slug%20image
2022-08-10T10:17:42.916Z ::1 POST /api/v2/cart
2022-08-10T10:17:42.923Z ::1 GET /api/v2/discounts?fields=name,desc,code,beginDate,endDate,quantity,unlimitedQty,discount,discountType,minimumTotal,maximumApplied,image
2022-08-10T10:17:42.954Z ::1 GET /search/suggest?keyword= (304)
2022-08-10T10:17:42.966Z ::1 GET /?fields=name%20slug%20image (304)
2022-08-10T10:17:42.973Z ::1 POST / (200)
2022-08-10T10:17:42.975Z ::1 GET /?fields=name,desc,code,beginDate,endDate,quantity,unlimitedQty,discount,discountType,minimumTotal,maximumApplied,image (304)
2022-08-10T10:17:43.106Z ::1 GET /?fields=name%20slug%20image (304)
2022-08-10T10:17:43.220Z ::1 GET /api/v2/orders?page=1&status=&paymentStatus=&limit=1000000000
2022-08-10T10:17:43.306Z ::1 GET /?page=1&status=&paymentStatus=&limit=1000000000 (200)
2022-08-10T10:17:52.133Z ::1 GET /api/v2/orders?page=1&status=&paymentStatus=paid&limit=1000000000
2022-08-10T10:17:52.229Z ::1 GET /?page=1&status=&paymentStatus=paid&limit=1000000000 (200)
2022-08-10T10:17:56.859Z ::1 GET /api/v2/products?search=&page=1&limit=20&b=&c=
2022-08-10T10:17:56.932Z ::1 GET /api/v2/products/best-seller
2022-08-10T10:17:56.985Z ::1 GET /best-seller (304)
2022-08-10T10:17:57.216Z ::1 GET /?search=&page=1&limit=20&b=&c= (304)
2022-08-10T10:17:59.526Z ::1 GET /api/v2/products/iphone-12-mini?fields=_id%20name%20slug%20desc%20video%20overSpecs%20policies%20detailSpecs%20origin%20category%20brand%20tags%20views%20rate%20variants%20quantity%20warrantyPeriod%20isHide%20createdAt%20updatedAt
2022-08-10T10:17:59.693Z ::1 GET /iphone-12-mini?fields=_id%20name%20slug%20desc%20video%20overSpecs%20policies%20detailSpecs%20origin%20category%20brand%20tags%20views%20rate%20variants%20quantity%20warrantyPeriod%20isHide%20createdAt%20updatedAt (200)
2022-08-10T10:18:02.457Z ::1 POST /api/v2/user-behavior
2022-08-10T10:18:02.464Z ::1 POST / (200)
2022-08-10T10:18:05.113Z ::1 GET /api/v2/comments/d00000000000000000000003
2022-08-10T10:18:05.165Z ::1 GET /d00000000000000000000003 (200)
2022-08-10T10:18:05.168Z ::1 GET /api/v2/comments/d00000000000000000000003
2022-08-10T10:18:05.210Z ::1 GET /d00000000000000000000003 (304)
2022-08-10T10:18:12.451Z ::1 POST /api/v2/user-behavior
2022-08-10T10:18:12.454Z ::1 POST / (200)
2022-08-10T10:18:22.455Z ::1 POST /api/v2/user-behavior
2022-08-10T10:18:22.457Z ::1 POST / (200)
2022-08-10T10:18:29.899Z ::1 POST /api/v2/comments
2022-08-10T10:18:29.970Z ::1 POST / (200)
2022-08-10T10:18:32.450Z ::1 POST /api/v2/user-behavior
2022-08-10T10:18:32.455Z ::1 POST / (200)
2022-08-10T10:18:38.196Z ::1 GET /api/v2/account
2022-08-10T10:18:38.275Z ::1 GET / (304)
2022-08-10T10:18:38.626Z ::1 GET /api/v2/products/search/suggest?keyword=
2022-08-10T10:18:38.635Z ::1 POST /api/v2/cart
2022-08-10T10:18:38.639Z ::1 GET /api/v2/categories?fields=name%20slug%20image
2022-08-10T10:18:38.644Z ::1 GET /api/v2/brands?fields=name%20slug%20image
2022-08-10T10:18:38.652Z ::1 GET /api/v2/discounts?fields=name,desc,code,beginDate,endDate,quantity,unlimitedQty,discount,discountType,minimumTotal,maximumApplied,image
2022-08-10T10:18:38.671Z ::1 GET /search/suggest?keyword= (304)
2022-08-10T10:18:38.675Z ::1 POST / (200)
2022-08-10T10:18:38.687Z ::1 GET /?fields=name%20slug%20image (304)
2022-08-10T10:18:38.694Z ::1 GET /?fields=name,desc,code,beginDate,endDate,quantity,unlimitedQty,discount,discountType,minimumTotal,maximumApplied,image (304)
2022-08-10T10:18:38.811Z ::1 GET /?fields=name%20slug%20image (304)
2022-08-10T10:18:38.815Z ::1 POST /api/v2/products/get-by-ids
2022-08-10T10:18:38.821Z ::1 GET /api/v2/products/iphone-12-mini?fields=_id%20name%20slug%20desc%20video%20overSpecs%20policies%20detailSpecs%20origin%20category%20brand%20tags%20views%20rate%20variants%20quantity%20warrantyPeriod%20isHide%20createdAt%20updatedAt
2022-08-10T10:18:38.940Z ::1 POST /get-by-ids (200)
2022-08-10T10:18:38.967Z ::1 GET /iphone-12-mini?fields=_id%20name%20slug%20desc%20video%20overSpecs%20policies%20detailSpecs%20origin%20category%20brand%20tags%20views%20rate%20variants%20quantity%20warrantyPeriod%20isHide%20createdAt%20updatedAt (200)
2022-08-10T10:18:41.670Z ::1 POST /api/v2/cart
2022-08-10T10:18:41.717Z ::1 POST / (200)
2022-08-10T10:18:51.214Z ::1 POST /api/v2/user-behavior
2022-08-10T10:18:51.216Z ::1 POST / (200)
2022-08-10T10:19:00.191Z ::1 GET /api/v2/comments/d00000000000000000000003
2022-08-10T10:19:00.280Z ::1 GET /d00000000000000000000003 (200)
2022-08-10T10:19:00.283Z ::1 GET /api/v2/comments/d00000000000000000000003
2022-08-10T10:19:00.371Z ::1 GET /d00000000000000000000003 (304)
2022-08-10T10:19:01.213Z ::1 POST /api/v2/user-behavior
2022-08-10T10:19:01.215Z ::1 POST / (200)
2022-08-10T10:19:11.227Z ::1 POST /api/v2/user-behavior
2022-08-10T10:19:11.234Z ::1 POST / (200)
2022-08-10T10:19:20.244Z ::1 GET /api/v2/account
2022-08-10T10:19:20.335Z ::1 GET / (304)
2022-08-10T10:19:20.652Z ::1 POST /api/v2/cart
2022-08-10T10:19:20.699Z ::1 POST / (200)
2022-08-10T10:19:21.301Z ::1 GET /api/v2/products?search=&b=&c=
2022-08-10T10:19:21.310Z ::1 GET /api/v2/products/all
2022-08-10T10:19:21.318Z ::1 GET /api/v2/brands
2022-08-10T10:19:21.323Z ::1 GET /api/v2/categories
2022-08-10T10:19:21.328Z ::1 GET /api/v2/users/customer
2022-08-10T10:19:21.332Z ::1 GET /api/v2/orders/manager/?search=&status=&paymentStatus=&page=1&limit=100000
2022-08-10T10:19:21.374Z ::1 GET /customer (304)
2022-08-10T10:19:21.408Z ::1 GET / (304)
2022-08-10T10:19:21.484Z ::1 GET /manager/?search=&status=&paymentStatus=&page=1&limit=100000 (304)
2022-08-10T10:19:21.486Z ::1 GET /api/v2/orders/manager/?search=&status=&paymentStatus=&page=1&limit=100000
2022-08-10T10:19:21.511Z ::1 GET / (304)
2022-08-10T10:19:21.733Z ::1 GET /?search=&b=&c= (200)
2022-08-10T10:19:21.737Z ::1 GET /api/v2/products?search=&b=&c=
2022-08-10T10:19:21.918Z ::1 GET /manager/?search=&status=&paymentStatus=&page=1&limit=100000 (304)
2022-08-10T10:19:22.026Z ::1 GET /?search=&b=&c= (304)
2022-08-10T10:19:24.965Z ::1 GET /all (200)
2022-08-10T10:19:24.992Z ::1 GET /api/v2/products/all
2022-08-10T10:19:28.454Z ::1 GET /all (304)
2022-08-10T10:19:28.459Z ::1 GET /api/v2/products/all
2022-08-10T10:19:31.723Z ::1 GET /all (304)
2022-08-10T10:19:31.726Z ::1 GET /api/v2/products/all
2022-08-10T10:19:35.017Z ::1 GET /all (304)
2022-08-10T10:19:35.019Z ::1 GET /api/v2/products/all
2022-08-10T10:19:38.220Z ::1 GET /all (304)
2022-08-10T10:19:46.272Z ::1 GET /api/v2/orders/manager/?search=&status=&paymentStatus=&page=1&limit=100000
2022-08-10T10:19:46.429Z ::1 GET /manager/?search=&status=&paymentStatus=&page=1&limit=100000 (304)
2022-08-10T10:19:48.419Z ::1 GET /api/v2/categories
2022-08-10T10:19:48.613Z ::1 GET / (304)
2022-08-10T10:19:50.019Z ::1 GET /api/v2/brands
2022-08-10T10:19:50.124Z ::1 GET / (304)
2022-08-10T10:19:52.158Z ::1 GET /api/v2/discounts?isShowAllDate=1&isShowHidden=1
2022-08-10T10:19:52.207Z ::1 GET /?isShowAllDate=1&isShowHidden=1 (304)
2022-08-10T10:20:00.272Z ::1 GET /api/v2/products?search=&c=&b=&page=1&limit=10&sort=desc&sortBy=createdAt&getBrandFilter=1&getCategoryFilter=1&isShowHidden=0
2022-08-10T10:20:00.880Z ::1 GET /?search=&c=&b=&page=1&limit=10&sort=desc&sortBy=createdAt&getBrandFilter=1&getCategoryFilter=1&isShowHidden=0 (200)
2022-08-10T10:20:11.460Z ::1 GET /api/v2/products?search=&c=&b=&page=1&limit=10&sort=desc&sortBy=createdAt&getBrandFilter=1&getCategoryFilter=1&isShowHidden=1
2022-08-10T10:20:12.317Z ::1 GET /?search=&c=&b=&page=1&limit=10&sort=desc&sortBy=createdAt&getBrandFilter=1&getCategoryFilter=1&isShowHidden=1 (200)
2022-08-10T10:20:13.449Z ::1 GET /api/v2/products?search=&c=&b=&page=1&limit=10&sort=desc&sortBy=createdAt&getBrandFilter=1&getCategoryFilter=1&isShowHidden=0
2022-08-10T10:20:13.999Z ::1 GET /?search=&c=&b=&page=1&limit=10&sort=desc&sortBy=createdAt&getBrandFilter=1&getCategoryFilter=1&isShowHidden=0 (304)
2022-08-10T10:20:19.147Z ::1 GET /api/v2/users/customer
2022-08-10T10:20:19.195Z ::1 GET /customer (304)